[debug] [2022-06-08T14:54:43.032Z] ----------------------------------------------------------------------
[debug] [2022-06-08T14:54:43.035Z] Command:       C:\Program Files\nodejs\node.exe C:\Users\Mrudul\AppData\Roaming\npm\node_modules\firebase-tools\lib\bin\firebase.js deploy
[debug] [2022-06-08T14:54:43.036Z] CLI Version:   10.2.1
[debug] [2022-06-08T14:54:43.036Z] Platform:      win32
[debug] [2022-06-08T14:54:43.036Z] Node Version:  v16.14.0
[debug] [2022-06-08T14:54:43.038Z] Time:          Wed Jun 08 2022 20:24:43 GMT+0530 (India Standard Time)
[debug] [2022-06-08T14:54:43.038Z] ----------------------------------------------------------------------
[debug] 
[debug] [2022-06-08T14:54:43.154Z] > command requires scopes: ["email","openid","https://www.googleapis.com/auth/cloudplatformprojects.readonly","https://www.googleapis.com/auth/firebase","https://www.googleapis.com/auth/cloud-platform"]
[debug] [2022-06-08T14:54:43.155Z] > authorizing via signed-in user (mrudulkolambe02@gmail.com)
[debug] [2022-06-08T14:54:43.155Z] [iam] checking project infilate-a6bdc for permissions ["datastore.indexes.create","datastore.indexes.delete","datastore.indexes.list","datastore.indexes.update","firebase.projects.get","firebasehosting.sites.update"]
[debug] [2022-06-08T14:54:43.159Z] >>> [apiv2][query] POST https://cloudresourcemanager.googleapis.com/v1/projects/infilate-a6bdc:testIamPermissions [none]
[debug] [2022-06-08T14:54:43.159Z] >>> [apiv2][body] POST https://cloudresourcemanager.googleapis.com/v1/projects/infilate-a6bdc:testIamPermissions {"permissions":["datastore.indexes.create","datastore.indexes.delete","datastore.indexes.list","datastore.indexes.update","firebase.projects.get","firebasehosting.sites.update"]}
[debug] [2022-06-08T14:54:43.192Z] [iam] error while checking permissions, command may fail: FirebaseError: Failed to make request to https://cloudresourcemanager.googleapis.com/v1/projects/infilate-a6bdc:testIamPermissions
[debug] [2022-06-08T14:54:43.193Z] >>> [apiv2][query] GET https://firebase.googleapis.com/v1beta1/projects/infilate-a6bdc [none]
[debug] [2022-06-08T14:54:43.200Z] Failed to make request to https://firebase.googleapis.com/v1beta1/projects/infilate-a6bdc
[debug] [2022-06-08T14:54:43.208Z] FirebaseError: Failed to make request to https://firebase.googleapis.com/v1beta1/projects/infilate-a6bdc
    at RetryOperation._fn (C:\Users\Mrudul\AppData\Roaming\npm\node_modules\firebase-tools\lib\apiv2.js:240:31)
    at processTicksAndRejections (node:internal/process/task_queues:96:5)
[error] 
[error] Error: Failed to get Firebase project infilate-a6bdc. Please make sure the project exists and your account has permission to access it.
